7.144490e-09   2.073498e+10
1.428898e-08   6.271912e+09
2.143347e-08   9.780575e+09
2.857796e-08   6.290735e+09
3.572245e-08   4.792007e+09
4.286694e-08   6.177446e+09
5.001143e-08   5.658240e+09
5.715592e-08   6.913256e+09
6.430041e-08   7.645730e+09
7.144490e-08   6.434432e+09
7.858939e-08   3.600642e+09
8.573388e-08   1.444140e+10
9.287837e-08   1.084187e+10
1.000229e-07   1.046353e+10
1.071674e-07   1.137709e+10
1.143118e-07   3.531740e+09
1.214563e-07   9.416719e+09
1.286008e-07   1.006629e+10
1.357453e-07   4.132450e+09
1.428898e-07   8.365458e+09
1.500343e-07   6.794127e+09
1.571788e-07   5.385998e+09
1.643233e-07   5.942939e+09
1.714678e-07   3.904300e+09
1.786123e-07   4.811162e+09
1.857567e-07   3.631951e+09
1.929012e-07   6.612169e+09
