
************************************
    estimatetrend, version 1.7.2
************************************
0) GGM
1) White
generator type: mt19937
seed = 0
first value = 1137519082
Data format: MJD, Observations, Model
Filename              : ./pre_files/1670509522090575_series.mom
Number of observations: 242
Percentage of gaps    : 37.6

----------------
  AmmarGrag
----------------
No Polynomial degree set, using offset + linear trend
No extra periodic signal is included.

Number of CPU's used (threads) = 8

    1    0.40000     0.40000   f()= 892.961772  size=0.200
    2    0.40000     0.40000   f()= 892.961772  size=0.100
    3    0.55000     0.25000   f()= 892.301384  size=0.100
    4    0.43750     0.28750   f()= 892.293163  size=0.090
    5    0.43750     0.28750   f()= 892.293163  size=0.062
    6    0.43750     0.28750   f()= 892.293163  size=0.052
    7    0.51719     0.23594   f()= 892.252517  size=0.052
    8    0.51367     0.25586   f()= 892.200908  size=0.042
    9    0.51367     0.25586   f()= 892.200908  size=0.022
   10    0.51367     0.25586   f()= 892.200908  size=0.018
   11    0.51367     0.25586   f()= 892.200908  size=0.010
   12    0.50478     0.25314   f()= 892.197722  size=0.009
   13    0.50478     0.25314   f()= 892.197722  size=0.005
   14    0.49765     0.25466   f()= 892.197271  size=0.003
   15    0.49765     0.25466   f()= 892.197271  size=0.003
   16    0.50210     0.25409   f()= 892.197201  size=0.002
   17    0.50210     0.25409   f()= 892.197201  size=0.002
   18    0.49899     0.25418   f()= 892.197156  size=0.002
   19    0.49954     0.25372   f()= 892.197137  size=0.001
   20    0.49954     0.25372   f()= 892.197137  size=0.001
   21    0.49955     0.25403   f()= 892.197131  size=0.001
   22    0.49955     0.25403   f()= 892.197131  size=0.000
   23    0.49955     0.25388   f()= 892.197128  size=0.000
   24    0.49969     0.25397   f()= 892.197116  size=0.000
   25    0.49969     0.25397   f()= 892.197116  size=0.000
   26    0.49969     0.25389   f()= 892.197112  size=0.000
   27    0.49983     0.25395   f()= 892.197095  size=0.000
   28    0.49983     0.25395   f()= 892.197095  size=0.000
   29    0.49983     0.25395   f()= 892.197095  size=0.000
   30    0.49983     0.25395   f()= 892.197095  size=0.000
   31    0.49983     0.25395   f()= 892.197095  size=0.000
   32    0.49983     0.25395   f()= 892.197095  size=0.000
   33    0.49983     0.25395   f()= 892.197095  size=0.000
   34    0.49983     0.25395   f()= 892.197095  size=0.000
   35    0.49983     0.25395   f()= 892.197095  size=0.000
   36    0.49983     0.25395   f()= 892.197095  size=0.000
   37    0.49983     0.25395   f()= 892.197095  size=0.000
   38    0.49983     0.25395   f()= 892.197095  size=0.000
   39    0.49983     0.25395   f()= 892.197095  size=0.000
   40    0.49983     0.25395   f()= 892.197095  size=0.000
   41    0.49983     0.25395   f()= 892.197095  size=0.000
   42    0.49983     0.25395   f()= 892.197095  size=0.000
   43    0.49983     0.25395   f()= 892.197095  size=0.000
   44    0.49983     0.25395   f()= 892.197095  size=0.000
   45    0.49983     0.25395   f()= 892.197095  size=0.000
   46    0.49983     0.25395   f()= 892.197095  size=0.000
converged to minimum at
   47    0.49983     0.25395   f()= 892.197095  size=0.000

Likelihood value
--------------------
min log(L)=-892.197
k         =6 + 2 + 1 = 9
AIC       =1802.394
BIC       =1829.550
BIC_tp    =1813.009
BIC_c     =1812.772
ln_det_I  =-16.778

GGM:
fraction  = 1.00000
sigma     = 120.80026 mm/yr^0.12697
d         =   0.2539 +/- 0.0576
kappa     =  -0.5079 +/- 0.1152
1-phi     = 6.900000e-06 (fixed)

White:
fraction  = 0.00000
sigma     = 0.09239 mm
No noise parameters to show

STD of the driving noise: 87.95100
bias : -4.161 +/- 25.278 mm (at 2005/11/25, 0:0:0.000)
trend: 0.012 +/- 2.764 mm/year
cos yearly : -3.512 +/- 17.384 mm
sin yearly : -1.799 +/- 14.591 mm
Amp yearly : 20.342 +/- 10.630 mm
Pha yearly : -152.883 degrees
cos hyearly : 0.306 +/- 11.761 mm
sin hyearly : 6.377 +/- 13.014 mm
Amp hyearly : 16.539 +/- 8.608 mm
Pha hyearly : 87.256 degrees
--> ./mom_files/1670509522090575_series.mom
Total computing time: 1.00000 sec
