7.144500e-09   8.728945e+09
7.191750e-09   8.728775e+09
7.239312e-09   8.728602e+09
7.287188e-09   8.728428e+09
7.335382e-09   8.728251e+09
7.383894e-09   8.728072e+09
7.432727e-09   8.727890e+09
7.481883e-09   8.727706e+09
7.531363e-09   8.727520e+09
7.581172e-09   8.727331e+09
7.631309e-09   8.727140e+09
7.681778e-09   8.726946e+09
7.732581e-09   8.726750e+09
7.783720e-09   8.726551e+09
7.835197e-09   8.726349e+09
7.887015e-09   8.726145e+09
7.939175e-09   8.725938e+09
7.991680e-09   8.725728e+09
8.044533e-09   8.725516e+09
8.097735e-09   8.725300e+09
8.151288e-09   8.725082e+09
8.205196e-09   8.724861e+09
8.259461e-09   8.724637e+09
8.314084e-09   8.724410e+09
8.369069e-09   8.724181e+09
8.424417e-09   8.723948e+09
8.480131e-09   8.723712e+09
8.536214e-09   8.723473e+09
8.592668e-09   8.723231e+09
8.649495e-09   8.722985e+09
8.706698e-09   8.722737e+09
8.764279e-09   8.722485e+09
8.822241e-09   8.722230e+09
8.880586e-09   8.721971e+09
8.939317e-09   8.721709e+09
8.998437e-09   8.721444e+09
9.057947e-09   8.721175e+09
9.117851e-09   8.720902e+09
9.178152e-09   8.720626e+09
9.238851e-09   8.720347e+09
9.299951e-09   8.720063e+09
9.361456e-09   8.719776e+09
9.423367e-09   8.719485e+09
9.485688e-09   8.719191e+09
9.548421e-09   8.718892e+09
9.611569e-09   8.718590e+09
9.675134e-09   8.718283e+09
9.739120e-09   8.717973e+09
9.803529e-09   8.717658e+09
9.868364e-09   8.717340e+09
9.933628e-09   8.717017e+09
9.999323e-09   8.716690e+09
1.006545e-08   8.716358e+09
1.013202e-08   8.716023e+09
1.019903e-08   8.715682e+09
1.026648e-08   8.715338e+09
1.033437e-08   8.714989e+09
1.040272e-08   8.714635e+09
1.047152e-08   8.714276e+09
1.054077e-08   8.713913e+09
1.061048e-08   8.713546e+09
1.068065e-08   8.713173e+09
1.075129e-08   8.712795e+09
1.082239e-08   8.712413e+09
1.089396e-08   8.712025e+09
1.096601e-08   8.711633e+09
1.103853e-08   8.711235e+09
1.111154e-08   8.710832e+09
1.118502e-08   8.710424e+09
1.125899e-08   8.710010e+09
1.133345e-08   8.709591e+09
1.140841e-08   8.709167e+09
1.148386e-08   8.708737e+09
1.155980e-08   8.708301e+09
1.163625e-08   8.707860e+09
1.171321e-08   8.707412e+09
1.179067e-08   8.706959e+09
1.186865e-08   8.706500e+09
1.194714e-08   8.706036e+09
1.202615e-08   8.705564e+09
1.210569e-08   8.705087e+09
1.218575e-08   8.704604e+09
1.226634e-08   8.704114e+09
1.234746e-08   8.703618e+09
1.242912e-08   8.703115e+09
1.251132e-08   8.702606e+09
1.259406e-08   8.702090e+09
1.267735e-08   8.701568e+09
1.276119e-08   8.701038e+09
1.284559e-08   8.700502e+09
1.293054e-08   8.699959e+09
1.301606e-08   8.699408e+09
1.310214e-08   8.698851e+09
1.318879e-08   8.698286e+09
1.327601e-08   8.697714e+09
1.336381e-08   8.697134e+09
1.345219e-08   8.696547e+09
1.354116e-08   8.695952e+09
1.363071e-08   8.695350e+09
1.372086e-08   8.694739e+09
1.381160e-08   8.694121e+09
1.390294e-08   8.693494e+09
1.399489e-08   8.692860e+09
1.408744e-08   8.692217e+09
1.418061e-08   8.691566e+09
1.427439e-08   8.690906e+09
1.436879e-08   8.690238e+09
1.446382e-08   8.689561e+09
1.455947e-08   8.688875e+09
1.465576e-08   8.688181e+09
1.475269e-08   8.687477e+09
1.485025e-08   8.686764e+09
1.494846e-08   8.686042e+09
1.504732e-08   8.685311e+09
1.514684e-08   8.684570e+09
1.524701e-08   8.683820e+09
1.534785e-08   8.683060e+09
1.544935e-08   8.682290e+09
1.555152e-08   8.681510e+09
1.565437e-08   8.680719e+09
1.575790e-08   8.679919e+09
1.586211e-08   8.679108e+09
1.596702e-08   8.678287e+09
1.607261e-08   8.677456e+09
1.617891e-08   8.676613e+09
1.628591e-08   8.675760e+09
1.639361e-08   8.674895e+09
1.650203e-08   8.674020e+09
1.661117e-08   8.673133e+09
1.672102e-08   8.672235e+09
1.683161e-08   8.671325e+09
1.694292e-08   8.670403e+09
1.705497e-08   8.669470e+09
1.716776e-08   8.668524e+09
1.728130e-08   8.667566e+09
1.739559e-08   8.666596e+09
1.751063e-08   8.665614e+09
1.762644e-08   8.664619e+09
1.774301e-08   8.663611e+09
1.786035e-08   8.662590e+09
1.797847e-08   8.661556e+09
1.809737e-08   8.660509e+09
1.821706e-08   8.659448e+09
1.833753e-08   8.658374e+09
1.845881e-08   8.657286e+09
1.858088e-08   8.656184e+09
1.870377e-08   8.655068e+09
1.882746e-08   8.653938e+09
1.895198e-08   8.652793e+09
1.907731e-08   8.651633e+09
1.920348e-08   8.650459e+09
1.933048e-08   8.649270e+09
1.945832e-08   8.648065e+09
1.958701e-08   8.646846e+09
1.971655e-08   8.645610e+09
1.984694e-08   8.644359e+09
1.997820e-08   8.643092e+09
2.011032e-08   8.641809e+09
2.024332e-08   8.640509e+09
2.037720e-08   8.639193e+09
2.051196e-08   8.637860e+09
2.064761e-08   8.636510e+09
2.078417e-08   8.635144e+09
2.092162e-08   8.633759e+09
2.105998e-08   8.632358e+09
2.119926e-08   8.630938e+09
2.133946e-08   8.629500e+09
2.148059e-08   8.628045e+09
2.162265e-08   8.626570e+09
2.176565e-08   8.625078e+09
2.190960e-08   8.623566e+09
2.205449e-08   8.622035e+09
2.220035e-08   8.620485e+09
2.234717e-08   8.618916e+09
2.249496e-08   8.617326e+09
2.264373e-08   8.615717e+09
2.279348e-08   8.614087e+09
2.294423e-08   8.612437e+09
2.309597e-08   8.610766e+09
2.324871e-08   8.609074e+09
2.340246e-08   8.607361e+09
2.355723e-08   8.605626e+09
2.371303e-08   8.603870e+09
2.386985e-08   8.602092e+09
2.402771e-08   8.600291e+09
2.418662e-08   8.598468e+09
2.434658e-08   8.596622e+09
2.450759e-08   8.594754e+09
2.466967e-08   8.592861e+09
2.483282e-08   8.590946e+09
2.499705e-08   8.589006e+09
2.516237e-08   8.587042e+09
2.532878e-08   8.585054e+09
2.549629e-08   8.583041e+09
2.566491e-08   8.581004e+09
2.583464e-08   8.578941e+09
2.600549e-08   8.576852e+09
2.617748e-08   8.574738e+09
2.635060e-08   8.572597e+09
2.652487e-08   8.570430e+09
2.670029e-08   8.568236e+09
2.687687e-08   8.566016e+09
2.705462e-08   8.563768e+09
2.723354e-08   8.561492e+09
2.741365e-08   8.559188e+09
2.759495e-08   8.556856e+09
2.777745e-08   8.554496e+09
2.796115e-08   8.552106e+09
2.814607e-08   8.549688e+09
2.833221e-08   8.547240e+09
2.851959e-08   8.544761e+09
2.870820e-08   8.542253e+09
2.889806e-08   8.539714e+09
2.908917e-08   8.537145e+09
2.928155e-08   8.534544e+09
2.947520e-08   8.531911e+09
2.967014e-08   8.529247e+09
2.986636e-08   8.526550e+09
3.006388e-08   8.523821e+09
3.026270e-08   8.521058e+09
3.046284e-08   8.518263e+09
3.066431e-08   8.515433e+09
3.086710e-08   8.512570e+09
3.107124e-08   8.509673e+09
3.127673e-08   8.506740e+09
3.148357e-08   8.503773e+09
3.169179e-08   8.500769e+09
3.190138e-08   8.497730e+09
3.211236e-08   8.494655e+09
3.232473e-08   8.491543e+09
3.253851e-08   8.488395e+09
3.275370e-08   8.485208e+09
3.297031e-08   8.481984e+09
3.318836e-08   8.478722e+09
3.340785e-08   8.475421e+09
3.362879e-08   8.472081e+09
3.385119e-08   8.468702e+09
3.407506e-08   8.465283e+09
3.430042e-08   8.461824e+09
3.452726e-08   8.458325e+09
3.475560e-08   8.454784e+09
3.498546e-08   8.451202e+09
3.521683e-08   8.447578e+09
3.544973e-08   8.443912e+09
3.568418e-08   8.440203e+09
3.592017e-08   8.436452e+09
3.615773e-08   8.432657e+09
3.639686e-08   8.428818e+09
3.663756e-08   8.424934e+09
3.687986e-08   8.421006e+09
3.712377e-08   8.417033e+09
3.736928e-08   8.413014e+09
3.761642e-08   8.408949e+09
3.786519e-08   8.404838e+09
3.811561e-08   8.400679e+09
3.836769e-08   8.396474e+09
3.862143e-08   8.392220e+09
3.887685e-08   8.387919e+09
3.913396e-08   8.383569e+09
3.939277e-08   8.379169e+09
3.965329e-08   8.374721e+09
3.991554e-08   8.370222e+09
4.017951e-08   8.365673e+09
4.044524e-08   8.361072e+09
4.071272e-08   8.356421e+09
4.098197e-08   8.351718e+09
4.125300e-08   8.346962e+09
4.152583e-08   8.342154e+09
4.180045e-08   8.337293e+09
4.207690e-08   8.332378e+09
4.235517e-08   8.327409e+09
4.263528e-08   8.322386e+09
4.291725e-08   8.317308e+09
4.320108e-08   8.312174e+09
4.348679e-08   8.306985e+09
4.377439e-08   8.301739e+09
4.406388e-08   8.296437e+09
4.435530e-08   8.291077e+09
4.464864e-08   8.285660e+09
4.494392e-08   8.280185e+09
4.524115e-08   8.274651e+09
4.554035e-08   8.269058e+09
4.584153e-08   8.263406e+09
4.614470e-08   8.257694e+09
4.644987e-08   8.251921e+09
4.675707e-08   8.246088e+09
4.706629e-08   8.240194e+09
4.737756e-08   8.234238e+09
4.769089e-08   8.228220e+09
4.800629e-08   8.222140e+09
4.832378e-08   8.215996e+09
4.864336e-08   8.209789e+09
4.896506e-08   8.203519e+09
4.928889e-08   8.197184e+09
4.961486e-08   8.190785e+09
4.994298e-08   8.184320e+09
5.027328e-08   8.177791e+09
5.060576e-08   8.171195e+09
5.094043e-08   8.164533e+09
5.127732e-08   8.157804e+09
5.161644e-08   8.151009e+09
5.195780e-08   8.144145e+09
5.230142e-08   8.137214e+09
5.264732e-08   8.130215e+09
5.299550e-08   8.123147e+09
5.334598e-08   8.116011e+09
5.369878e-08   8.108805e+09
5.405391e-08   8.101529e+09
5.441139e-08   8.094183e+09
5.477124e-08   8.086767e+09
5.513346e-08   8.079280e+09
5.549809e-08   8.071722e+09
5.586512e-08   8.064093e+09
5.623458e-08   8.056391e+09
5.660648e-08   8.048618e+09
5.698084e-08   8.040773e+09
5.735768e-08   8.032855e+09
5.773701e-08   8.024864e+09
5.811885e-08   8.016800e+09
5.850322e-08   8.008663e+09
5.889013e-08   8.000451e+09
5.927959e-08   7.992166e+09
5.967163e-08   7.983807e+09
6.006627e-08   7.975373e+09
6.046351e-08   7.966865e+09
6.086338e-08   7.958282e+09
6.126590e-08   7.949624e+09
6.167108e-08   7.940890e+09
6.207893e-08   7.932081e+09
6.248949e-08   7.923197e+09
6.290276e-08   7.914237e+09
6.331876e-08   7.905202e+09
6.373752e-08   7.896090e+09
6.415904e-08   7.886902e+09
6.458335e-08   7.877638e+09
6.501047e-08   7.868299e+09
6.544041e-08   7.858882e+09
6.587320e-08   7.849390e+09
6.630884e-08   7.839821e+09
6.674737e-08   7.830176e+09
6.718880e-08   7.820454e+09
6.763315e-08   7.810657e+09
6.808044e-08   7.800783e+09
6.853068e-08   7.790832e+09
6.898391e-08   7.780806e+09
6.944013e-08   7.770703e+09
6.989936e-08   7.760525e+09
7.036164e-08   7.750271e+09
7.082697e-08   7.739941e+09
7.129538e-08   7.729535e+09
7.176689e-08   7.719054e+09
7.224151e-08   7.708499e+09
7.271928e-08   7.697868e+09
7.320020e-08   7.687162e+09
7.368431e-08   7.676382e+09
7.417161e-08   7.665529e+09
7.466214e-08   7.654601e+09
7.515591e-08   7.643600e+09
7.565295e-08   7.632526e+09
7.615328e-08   7.621379e+09
7.665691e-08   7.610160e+09
7.716388e-08   7.598869e+09
7.767419e-08   7.587507e+09
7.818789e-08   7.576073e+09
7.870498e-08   7.564570e+09
7.922549e-08   7.552996e+09
7.974944e-08   7.541354e+09
8.027686e-08   7.529642e+09
8.080776e-08   7.517863e+09
8.134218e-08   7.506016e+09
8.188013e-08   7.494103e+09
8.242164e-08   7.482123e+09
8.296673e-08   7.470078e+09
8.351542e-08   7.457968e+09
8.406775e-08   7.445795e+09
8.462372e-08   7.433559e+09
8.518338e-08   7.421260e+09
8.574673e-08   7.408901e+09
8.631381e-08   7.396481e+09
8.688464e-08   7.384001e+09
8.745925e-08   7.371464e+09
8.803765e-08   7.358869e+09
8.861988e-08   7.346217e+09
8.920597e-08   7.333510e+09
8.979592e-08   7.320750e+09
9.038978e-08   7.307936e+09
9.098757e-08   7.295070e+09
9.158931e-08   7.282153e+09
9.219503e-08   7.269188e+09
9.280475e-08   7.256174e+09
9.341851e-08   7.243113e+09
9.403633e-08   7.230007e+09
9.465823e-08   7.216857e+09
9.528425e-08   7.203664e+09
9.591440e-08   7.190429e+09
9.654873e-08   7.177156e+09
9.718724e-08   7.163844e+09
9.782999e-08   7.150495e+09
9.847698e-08   7.137112e+09
9.912825e-08   7.123695e+09
9.978383e-08   7.110246e+09
1.004437e-07   7.096768e+09
1.011080e-07   7.083261e+09
1.017767e-07   7.069728e+09
1.024498e-07   7.056171e+09
1.031273e-07   7.042591e+09
1.038094e-07   7.028990e+09
1.044959e-07   7.015371e+09
1.051870e-07   7.001734e+09
1.058826e-07   6.988084e+09
1.065829e-07   6.974420e+09
1.072877e-07   6.960746e+09
1.079973e-07   6.947064e+09
1.087115e-07   6.933375e+09
1.094305e-07   6.919683e+09
1.101542e-07   6.905989e+09
1.108827e-07   6.892296e+09
1.116160e-07   6.878607e+09
1.123542e-07   6.864922e+09
1.130972e-07   6.851246e+09
1.138452e-07   6.837581e+09
1.145981e-07   6.823928e+09
1.153560e-07   6.810292e+09
1.161189e-07   6.796673e+09
1.168868e-07   6.783076e+09
1.176598e-07   6.769503e+09
1.184380e-07   6.755956e+09
1.192212e-07   6.742439e+09
1.200097e-07   6.728954e+09
1.208034e-07   6.715504e+09
1.216023e-07   6.702092e+09
1.224065e-07   6.688721e+09
1.232160e-07   6.675395e+09
1.240309e-07   6.662115e+09
1.248512e-07   6.648887e+09
1.256769e-07   6.635712e+09
1.265080e-07   6.622593e+09
1.273447e-07   6.609535e+09
1.281869e-07   6.596541e+09
1.290346e-07   6.583613e+09
1.298880e-07   6.570756e+09
1.307470e-07   6.557972e+09
1.316117e-07   6.545266e+09
1.324821e-07   6.532641e+09
1.333582e-07   6.520100e+09
1.342402e-07   6.507648e+09
1.351280e-07   6.495287e+09
1.360216e-07   6.483022e+09
1.369212e-07   6.470857e+09
1.378267e-07   6.458795e+09
1.387382e-07   6.446841e+09
1.396558e-07   6.434998e+09
1.405794e-07   6.423270e+09
1.415091e-07   6.411662e+09
1.424450e-07   6.400177e+09
1.433870e-07   6.388821e+09
1.443353e-07   6.377596e+09
1.452898e-07   6.366508e+09
1.462507e-07   6.355561e+09
1.472179e-07   6.344759e+09
1.481915e-07   6.334107e+09
1.491716e-07   6.323610e+09
1.501581e-07   6.313271e+09
1.511512e-07   6.303095e+09
1.521508e-07   6.293088e+09
1.531571e-07   6.283255e+09
1.541699e-07   6.273599e+09
1.551895e-07   6.264126e+09
1.562159e-07   6.254841e+09
1.572490e-07   6.245749e+09
1.582890e-07   6.236855e+09
1.593358e-07   6.228164e+09
1.603895e-07   6.219681e+09
1.614503e-07   6.211413e+09
1.625180e-07   6.203363e+09
1.635928e-07   6.195538e+09
1.646747e-07   6.187944e+09
1.657638e-07   6.180585e+09
1.668601e-07   6.173468e+09
1.679636e-07   6.166598e+09
1.690744e-07   6.159981e+09
1.701925e-07   6.153623e+09
1.713181e-07   6.147530e+09
1.724511e-07   6.141708e+09
1.735916e-07   6.136164e+09
1.747396e-07   6.130902e+09
1.758953e-07   6.125931e+09
1.770585e-07   6.121256e+09
1.782295e-07   6.116884e+09
1.794082e-07   6.112821e+09
1.805947e-07   6.109074e+09
1.817891e-07   6.105650e+09
1.829913e-07   6.102556e+09
1.842015e-07   6.099799e+09
1.854197e-07   6.097385e+09
1.866460e-07   6.095322e+09
1.878803e-07   6.093617e+09
1.891229e-07   6.092278e+09
1.903736e-07   6.091312e+09
1.916327e-07   6.090727e+09
1.929000e-07   6.090530e+09
